Using pre-set license
Built from '2020.3/release' branch; Version is '2020.3.27f1 (e759542391ea) revision 15161684'; Using compiler version '192528614'; Build Type 'Release'
OS: 'Windows 10  (10.0.19042) 64bit Professional' Language: 'el' Physical Memory: 16343 MB
BatchMode: 1, IsHumanControllingUs: 0, StartBugReporterOnCrash: 0, Is64bit: 1, IsPro: 0

COMMAND LINE ARGUMENTS:
E:\UnityI\2020.3.27f1\Editor\Unity.exe
-adb2
-batchMode
-noUpm
-name
AssetImportWorker0
-projectPath
C:/Users/Μαρκος/Desktop/Escaping-Death/Escaping Death Game
-logFile
Logs/AssetImportWorker0.log
-srvPort
58231
Successfully changed project path to: C:/Users/Μαρκος/Desktop/Escaping-Death/Escaping Death Game
C:/Users/Μαρκος/Desktop/Escaping-Death/Escaping Death Game
Using Asset Import Pipeline V2.
Refreshing native plugins compatible for Editor in 47.61 ms, found 3 plugins.
Preloading 0 native plugins for Editor in 0.00 ms.
Initialize engine version: 2020.3.27f1 (e759542391ea)
[Subsystems] Discovering subsystems at path E:/UnityI/2020.3.27f1/Editor/Data/Resources/UnitySubsystems
[Subsystems] Discovering subsystems at path C:/Users/Μαρκος/Desktop/Escaping-Death/Escaping Death Game/Assets
GfxDevice: creating device client; threaded=0
Direct3D:
    Version:  Direct3D 11.0 [level 11.1]
    Renderer: NVIDIA GeForce GTX 1050 Ti (ID=0x1c82)
    Vendor:   
    VRAM:     4018 MB
    Driver:   27.21.14.5671
Initialize mono
Mono path[0] = 'E:/UnityI/2020.3.27f1/Editor/Data/Managed'
Mono path[1] = 'E:/UnityI/2020.3.27f1/Editor/Data/MonoBleedingEdge/lib/mono/unityjit'
Mono config path = 'E:/UnityI/2020.3.27f1/Editor/Data/MonoBleedingEdge/etc'
Using monoOptions --debugger-agent=transport=dt_socket,embedding=1,server=y,suspend=n,address=127.0.0.1:56172
Begin MonoManager ReloadAssembly
Registering precompiled unity dll's ...
Register platform support module: E:/UnityI/2020.3.27f1/Editor/Data/PlaybackEngines/WindowsStandaloneSupport/UnityEditor.WindowsStandalone.Extensions.dll
Registered in 0.004489 seconds.
Native extension for WindowsStandalone target not found
Refreshing native plugins compatible for Editor in 42.26 ms, found 3 plugins.
Preloading 0 native plugins for Editor in 0.00 ms.
Mono: successfully reloaded assembly
- Completed reload, in  0.580 seconds
Domain Reload Profiling:
	ReloadAssembly (581ms)
		BeginReloadAssembly (97ms)
			ExecutionOrderSort (0ms)
			DisableScriptedObjects (0ms)
			BackupInstance (0ms)
			ReleaseScriptingObjects (0ms)
			CreateAndSetChildDomain (1ms)
		EndReloadAssembly (404ms)
			LoadAssemblies (91ms)
			RebuildTransferFunctionScriptingTraits (0ms)
			SetupTypeCache (126ms)
			ReleaseScriptCaches (0ms)
			RebuildScriptCaches (27ms)
			SetupLoadedEditorAssemblies (156ms)
				LogAssemblyErrors (0ms)
				InitializePlatformSupportModulesInManaged (3ms)
				SetLoadedEditorAssemblies (0ms)
				RefreshPlugins (42ms)
				BeforeProcessingInitializeOnLoad (13ms)
				ProcessInitializeOnLoadAttributes (73ms)
				ProcessInitializeOnLoadMethodAttributes (24ms)
				AfterProcessingInitializeOnLoad (0ms)
				EditorAssembliesLoaded (0ms)
			ExecutionOrderSort2 (0ms)
			AwakeInstancesAfterBackupRestoration (0ms)
Platform modules already initialized, skipping
Registering precompiled user dll's ...
Registered in 0.008867 seconds.
Begin MonoManager ReloadAssembly
Native extension for WindowsStandalone target not found
Refreshing native plugins compatible for Editor in 45.21 ms, found 3 plugins.
Preloading 0 native plugins for Editor in 0.00 ms.
Mono: successfully reloaded assembly
- Completed reload, in  1.120 seconds
Domain Reload Profiling:
	ReloadAssembly (1121ms)
		BeginReloadAssembly (165ms)
			ExecutionOrderSort (0ms)
			DisableScriptedObjects (4ms)
			BackupInstance (0ms)
			ReleaseScriptingObjects (0ms)
			CreateAndSetChildDomain (16ms)
		EndReloadAssembly (885ms)
			LoadAssemblies (131ms)
			RebuildTransferFunctionScriptingTraits (0ms)
			SetupTypeCache (274ms)
			ReleaseScriptCaches (1ms)
			RebuildScriptCaches (47ms)
			SetupLoadedEditorAssemblies (350ms)
				LogAssemblyErrors (0ms)
				InitializePlatformSupportModulesInManaged (3ms)
				SetLoadedEditorAssemblies (1ms)
				RefreshPlugins (45ms)
				BeforeProcessingInitializeOnLoad (86ms)
				ProcessInitializeOnLoadAttributes (181ms)
				ProcessInitializeOnLoadMethodAttributes (16ms)
				AfterProcessingInitializeOnLoad (18ms)
				EditorAssembliesLoaded (0ms)
			ExecutionOrderSort2 (0ms)
			AwakeInstancesAfterBackupRestoration (5ms)
Platform modules already initialized, skipping
========================================================================
Worker process is ready to serve import requests
Launched and connected shader compiler UnityShaderCompiler.exe after 0.10 seconds
Refreshing native plugins compatible for Editor in 0.45 ms, found 3 plugins.
Preloading 0 native plugins for Editor in 0.00 ms.
Unloading 2473 Unused Serialized files (Serialized files now loaded: 0)
System memory in use before: 110.5 MB.
System memory in use after: 110.7 MB.

Unloading 29 unused Assets to reduce memory usage. Loaded Objects now: 2909.
Total: 2.901200 ms (FindLiveObjects: 0.191800 ms CreateObjectMapping: 0.102000 ms MarkObjects: 2.537400 ms  DeleteObjects: 0.069000 ms)

AssetImportParameters requested are different than current active one (requested -> active):
  custom:framework-win-MediaFoundation: 216162199b28c13a410421893ffa2e32 -> 
  custom:video-decoder-ogg-theora: a1e56fd34408186e4bbccfd4996cb3dc -> 
  custom:container-muxer-webm: aa71ff27fc2769a1b78a27578f13a17b -> 
  custom:container-demuxer-webm: 4f35f7cbe854078d1ac9338744f61a02 -> 
  custom:container-demuxer-ogg: 62fdf1f143b41e24485cea50d1cbac27 -> 
  custom:video-encoder-webm-vp8: eb34c28f22e8b96e1ab97ce403110664 -> 
  custom:video-decoder-webm-vp8: 9c59270c3fd7afecdb556c50c9e8de78 -> 
  custom:audio-decoder-ogg-vorbis: bf7c407c2cedff20999df2af8eb42d56 -> 
  custom:audio-encoder-webm-vorbis: bf7c407c2cedff20999df2af8eb42d56 -> 
========================================================================
Received Import Request.
  path: Assets/Scenes/Level 2 Fraud.unity
  artifactKey: Guid(d80470c8a9316864bbb9a59ce556232a) Importer(815301076,1909f56bfc062723c751e8b465ee728b)
Start importing Assets/Scenes/Level 2 Fraud.unity using Guid(d80470c8a9316864bbb9a59ce556232a) Importer(815301076,1909f56bfc062723c751e8b465ee728b)  -> (artifact id: '6adf8c8ad70119b5e87a77d7e5c62602') in 0.012361 seconds 
  Import took 0.015500 seconds .

========================================================================
Received Import Request.
  Time since last request: 1465.093356 seconds.
  path: Assets/Levels (Assets)/Level 1 Door Gate Entrance.png
  artifactKey: Guid(ed63772204a6c654d9e568c2ef704fc6) Importer(815301076,1909f56bfc062723c751e8b465ee728b)
Start importing Assets/Levels (Assets)/Level 1 Door Gate Entrance.png using Guid(ed63772204a6c654d9e568c2ef704fc6) Importer(815301076,1909f56bfc062723c751e8b465ee728b)  -> (artifact id: '00b7c75fa2df04807ae6f51361e5012e') in 0.120684 seconds 
  Import took 0.125278 seconds .

========================================================================
Received Import Request.
  Time since last request: 0.000233 seconds.
  path: Assets/Levels (Assets)/Level 4 Door Gate Entrance.png
  artifactKey: Guid(6464c8f6d48386940bc4e6458581b6b7) Importer(815301076,1909f56bfc062723c751e8b465ee728b)
Start importing Assets/Levels (Assets)/Level 4 Door Gate Entrance.png using Guid(6464c8f6d48386940bc4e6458581b6b7) Importer(815301076,1909f56bfc062723c751e8b465ee728b)  -> (artifact id: 'eda5b63842e0dbbf43fc097bb207019c') in 0.035546 seconds 
  Import took 0.042240 seconds .

========================================================================
Received Import Request.
  Time since last request: 0.000225 seconds.
  path: Assets/Levels (Assets)/Level 6 Door Gate Entrance.png
  artifactKey: Guid(568e0dba5fef1c1418365e909c2c1698) Importer(815301076,1909f56bfc062723c751e8b465ee728b)
Start importing Assets/Levels (Assets)/Level 6 Door Gate Entrance.png using Guid(568e0dba5fef1c1418365e909c2c1698) Importer(815301076,1909f56bfc062723c751e8b465ee728b)  -> (artifact id: '5e50907dda7bdcadcb81971e827d8872') in 0.012911 seconds 
  Import took 0.017508 seconds .

========================================================================
Received Import Request.
  Time since last request: 0.000218 seconds.
  path: Assets/Levels (Assets)/Level 9 Door Gate Entrance.png
  artifactKey: Guid(1b5ca2c4d98721a489dad8761b587ae7) Importer(815301076,1909f56bfc062723c751e8b465ee728b)
Start importing Assets/Levels (Assets)/Level 9 Door Gate Entrance.png using Guid(1b5ca2c4d98721a489dad8761b587ae7) Importer(815301076,1909f56bfc062723c751e8b465ee728b)  -> (artifact id: '244ea10231298204d3b5535f068f410a') in 0.019431 seconds 
  Import took 0.022631 seconds .

========================================================================
Received Import Request.
  Time since last request: 0.000226 seconds.
  path: Assets/Levels (Assets)/Level 3 Door Gate Entrance.png
  artifactKey: Guid(89eabee0e0d2db0489295f75c72dd3dd) Importer(815301076,1909f56bfc062723c751e8b465ee728b)
Start importing Assets/Levels (Assets)/Level 3 Door Gate Entrance.png using Guid(89eabee0e0d2db0489295f75c72dd3dd) Importer(815301076,1909f56bfc062723c751e8b465ee728b)  -> (artifact id: 'dd816860c736aa77beeecd936b4c7aac') in 0.011208 seconds 
  Import took 0.014971 seconds .

========================================================================
Received Import Request.
  Time since last request: 0.000226 seconds.
  path: Assets/Levels (Assets)/Level 8 Door Gate Entrance.png
  artifactKey: Guid(4e518cc6341d41d4fbd367511b3ce619) Importer(815301076,1909f56bfc062723c751e8b465ee728b)
Start importing Assets/Levels (Assets)/Level 8 Door Gate Entrance.png using Guid(4e518cc6341d41d4fbd367511b3ce619) Importer(815301076,1909f56bfc062723c751e8b465ee728b)  -> (artifact id: '942d2fcdbd89968cc062c14d6a189158') in 0.010846 seconds 
  Import took 0.014388 seconds .

========================================================================
Received Import Request.
  Time since last request: 0.000265 seconds.
  path: Assets/Levels (Assets)/Level 7 Door Gate Entrance.png
  artifactKey: Guid(a568cc38915b04a49b5f86a30f75fbdc) Importer(815301076,1909f56bfc062723c751e8b465ee728b)
Start importing Assets/Levels (Assets)/Level 7 Door Gate Entrance.png using Guid(a568cc38915b04a49b5f86a30f75fbdc) Importer(815301076,1909f56bfc062723c751e8b465ee728b)  -> (artifact id: 'baf0b737a12e69b76599b8e26bcdeb48') in 0.012684 seconds 
  Import took 0.016374 seconds .

========================================================================
Received Import Request.
  Time since last request: 0.000198 seconds.
  path: Assets/Levels (Assets)/Level 5 Door Gate Entrance.png
  artifactKey: Guid(b664285363ea7384db674c0f952c3106) Importer(815301076,1909f56bfc062723c751e8b465ee728b)
Start importing Assets/Levels (Assets)/Level 5 Door Gate Entrance.png using Guid(b664285363ea7384db674c0f952c3106) Importer(815301076,1909f56bfc062723c751e8b465ee728b)  -> (artifact id: '4e5933618eef362d5d1a7d448693a323') in 0.010904 seconds 
  Import took 0.014386 seconds .

========================================================================
Received Import Request.
  Time since last request: 0.000299 seconds.
  path: Assets/Levels (Assets)/Level 2 Door Gate Entrance.png
  artifactKey: Guid(4ef89a86ca9efae439bfe509a888a8cb) Importer(815301076,1909f56bfc062723c751e8b465ee728b)
Start importing Assets/Levels (Assets)/Level 2 Door Gate Entrance.png using Guid(4ef89a86ca9efae439bfe509a888a8cb) Importer(815301076,1909f56bfc062723c751e8b465ee728b)  -> (artifact id: '24d5e420f46fc2766685b2be0ff0693b') in 0.011559 seconds 
  Import took 0.015330 seconds .

========================================================================
Received Import Request.
  Time since last request: 11.065348 seconds.
  path: Assets/Levels (Assets)/Level 1 Door Gate Entrance.png
  artifactKey: Guid(ed63772204a6c654d9e568c2ef704fc6) Importer(815301076,1909f56bfc062723c751e8b465ee728b)
Start importing Assets/Levels (Assets)/Level 1 Door Gate Entrance.png using Guid(ed63772204a6c654d9e568c2ef704fc6) Importer(815301076,1909f56bfc062723c751e8b465ee728b)  -> (artifact id: '56ebc5c5e82ff402f05c099f9474e2c0') in 0.009169 seconds 
  Import took 0.012620 seconds .

========================================================================
Received Import Request.
  Time since last request: 0.000256 seconds.
  path: Assets/Levels (Assets)/Level 4 Door Gate Entrance.png
  artifactKey: Guid(6464c8f6d48386940bc4e6458581b6b7) Importer(815301076,1909f56bfc062723c751e8b465ee728b)
Start importing Assets/Levels (Assets)/Level 4 Door Gate Entrance.png using Guid(6464c8f6d48386940bc4e6458581b6b7) Importer(815301076,1909f56bfc062723c751e8b465ee728b)  -> (artifact id: '935a8213e2320bf23c090aa431ecd1ee') in 0.009236 seconds 
  Import took 0.012574 seconds .

========================================================================
Received Import Request.
  Time since last request: 0.000272 seconds.
  path: Assets/Levels (Assets)/Level 6 Door Gate Entrance.png
  artifactKey: Guid(568e0dba5fef1c1418365e909c2c1698) Importer(815301076,1909f56bfc062723c751e8b465ee728b)
Start importing Assets/Levels (Assets)/Level 6 Door Gate Entrance.png using Guid(568e0dba5fef1c1418365e909c2c1698) Importer(815301076,1909f56bfc062723c751e8b465ee728b)  -> (artifact id: 'bc6bf8c2bf5dffb47defdbcc953abfe3') in 0.009174 seconds 
  Import took 0.012765 seconds .

========================================================================
Received Import Request.
  Time since last request: 0.000206 seconds.
  path: Assets/Levels (Assets)/Level 9 Door Gate Entrance.png
  artifactKey: Guid(1b5ca2c4d98721a489dad8761b587ae7) Importer(815301076,1909f56bfc062723c751e8b465ee728b)
Start importing Assets/Levels (Assets)/Level 9 Door Gate Entrance.png using Guid(1b5ca2c4d98721a489dad8761b587ae7) Importer(815301076,1909f56bfc062723c751e8b465ee728b)  -> (artifact id: 'b0d125f4009297394e1191aab6034d93') in 0.009559 seconds 
  Import took 0.012812 seconds .

========================================================================
Received Import Request.
  Time since last request: 0.000191 seconds.
  path: Assets/Levels (Assets)/Level 3 Door Gate Entrance.png
  artifactKey: Guid(89eabee0e0d2db0489295f75c72dd3dd) Importer(815301076,1909f56bfc062723c751e8b465ee728b)
Start importing Assets/Levels (Assets)/Level 3 Door Gate Entrance.png using Guid(89eabee0e0d2db0489295f75c72dd3dd) Importer(815301076,1909f56bfc062723c751e8b465ee728b)  -> (artifact id: '3483453bd5547528d1411929242951f2') in 0.009681 seconds 
  Import took 0.013232 seconds .

========================================================================
Received Import Request.
  Time since last request: 0.000220 seconds.
  path: Assets/Levels (Assets)/Level 8 Door Gate Entrance.png
  artifactKey: Guid(4e518cc6341d41d4fbd367511b3ce619) Importer(815301076,1909f56bfc062723c751e8b465ee728b)
Start importing Assets/Levels (Assets)/Level 8 Door Gate Entrance.png using Guid(4e518cc6341d41d4fbd367511b3ce619) Importer(815301076,1909f56bfc062723c751e8b465ee728b)  -> (artifact id: '87b3a580a725e74f2a85e2249e9b6b2e') in 0.010362 seconds 
  Import took 0.013757 seconds .

========================================================================
Received Import Request.
  Time since last request: 0.000236 seconds.
  path: Assets/Levels (Assets)/Level 7 Door Gate Entrance.png
  artifactKey: Guid(a568cc38915b04a49b5f86a30f75fbdc) Importer(815301076,1909f56bfc062723c751e8b465ee728b)
Start importing Assets/Levels (Assets)/Level 7 Door Gate Entrance.png using Guid(a568cc38915b04a49b5f86a30f75fbdc) Importer(815301076,1909f56bfc062723c751e8b465ee728b)  -> (artifact id: '74f3e585775cab110c3a990f77a98af0') in 0.010681 seconds 
  Import took 0.014671 seconds .

========================================================================
Received Import Request.
  Time since last request: 0.000241 seconds.
  path: Assets/Levels (Assets)/Level 5 Door Gate Entrance.png
  artifactKey: Guid(b664285363ea7384db674c0f952c3106) Importer(815301076,1909f56bfc062723c751e8b465ee728b)
Start importing Assets/Levels (Assets)/Level 5 Door Gate Entrance.png using Guid(b664285363ea7384db674c0f952c3106) Importer(815301076,1909f56bfc062723c751e8b465ee728b)  -> (artifact id: 'dcdc83dd6f8ff68fb0bc48db7a8699ec') in 0.010497 seconds 
  Import took 0.014001 seconds .

========================================================================
Received Import Request.
  Time since last request: 0.000234 seconds.
  path: Assets/Levels (Assets)/Level 2 Door Gate Entrance.png
  artifactKey: Guid(4ef89a86ca9efae439bfe509a888a8cb) Importer(815301076,1909f56bfc062723c751e8b465ee728b)
Start importing Assets/Levels (Assets)/Level 2 Door Gate Entrance.png using Guid(4ef89a86ca9efae439bfe509a888a8cb) Importer(815301076,1909f56bfc062723c751e8b465ee728b)  -> (artifact id: 'f0345c321790a966f13c66976ff0e6e7') in 0.010613 seconds 
  Import took 0.014170 seconds .

========================================================================
Received Import Request.
  Time since last request: 82.020039 seconds.
  path: Assets/Scenes/Level 7 Gluttony.unity
  artifactKey: Guid(c749e5c43d2ee7943a6674b492507be3) Importer(815301076,1909f56bfc062723c751e8b465ee728b)
Start importing Assets/Scenes/Level 7 Gluttony.unity using Guid(c749e5c43d2ee7943a6674b492507be3) Importer(815301076,1909f56bfc062723c751e8b465ee728b)  -> (artifact id: '24e1c8ca0339ac122656a6d721e9d139') in 0.003991 seconds 
  Import took 0.007660 seconds .

========================================================================
Received Import Request.
  Time since last request: 28.020600 seconds.
  path: Assets/Scenes/Level 1 Treachery.unity
  artifactKey: Guid(49f8cd0d8cfe4c7479e07c2647af706d) Importer(815301076,1909f56bfc062723c751e8b465ee728b)
Start importing Assets/Scenes/Level 1 Treachery.unity using Guid(49f8cd0d8cfe4c7479e07c2647af706d) Importer(815301076,1909f56bfc062723c751e8b465ee728b)  -> (artifact id: '6ef334ed5302682986d5ec9996b889ee') in 0.003355 seconds 
  Import took 0.007001 seconds .

========================================================================
Received Import Request.
  Time since last request: 4.548276 seconds.
  path: Assets/Scenes/Level 2 Fraud.unity
  artifactKey: Guid(d80470c8a9316864bbb9a59ce556232a) Importer(815301076,1909f56bfc062723c751e8b465ee728b)
Start importing Assets/Scenes/Level 2 Fraud.unity using Guid(d80470c8a9316864bbb9a59ce556232a) Importer(815301076,1909f56bfc062723c751e8b465ee728b)  -> (artifact id: 'ac320610cb826872cc24e2070cdd2e06') in 0.003225 seconds 
  Import took 0.006540 seconds .

========================================================================
Received Import Request.
  Time since last request: 2.598872 seconds.
  path: Assets/Scenes/Level 3 Violence.unity
  artifactKey: Guid(da7069ec067cd974a9a052a6b12e437c) Importer(815301076,1909f56bfc062723c751e8b465ee728b)
Start importing Assets/Scenes/Level 3 Violence.unity using Guid(da7069ec067cd974a9a052a6b12e437c) Importer(815301076,1909f56bfc062723c751e8b465ee728b)  -> (artifact id: '14c0349e12bfde3de5b437377473b9a4') in 0.003561 seconds 
  Import took 0.006974 seconds .

========================================================================
Received Import Request.
  Time since last request: 3.272654 seconds.
  path: Assets/Scenes/Level 4 Heresy.unity
  artifactKey: Guid(11bb3c070ed466d45882bf1fb2b1c722) Importer(815301076,1909f56bfc062723c751e8b465ee728b)
Start importing Assets/Scenes/Level 4 Heresy.unity using Guid(11bb3c070ed466d45882bf1fb2b1c722) Importer(815301076,1909f56bfc062723c751e8b465ee728b)  -> (artifact id: '1693eee9a3b754aafcd08dd4cfbc0ce1') in 0.003409 seconds 
  Import took 0.007089 seconds .

========================================================================
Received Import Request.
  Time since last request: 9.640771 seconds.
  path: Assets/Scenes/Level 5 Anger.unity
  artifactKey: Guid(fcef5200552386c4dad555cb5b0d794e) Importer(815301076,1909f56bfc062723c751e8b465ee728b)
Start importing Assets/Scenes/Level 5 Anger.unity using Guid(fcef5200552386c4dad555cb5b0d794e) Importer(815301076,1909f56bfc062723c751e8b465ee728b)  -> (artifact id: 'b71c8a59f4447443ac64193b8e513b3d') in 0.003098 seconds 
  Import took 0.006417 seconds .

========================================================================
Received Import Request.
  Time since last request: 3.114909 seconds.
  path: Assets/Scenes/Level 6 Greed.unity
  artifactKey: Guid(f062ffa023bc7ab4fb4205eeb421307e) Importer(815301076,1909f56bfc062723c751e8b465ee728b)
Start importing Assets/Scenes/Level 6 Greed.unity using Guid(f062ffa023bc7ab4fb4205eeb421307e) Importer(815301076,1909f56bfc062723c751e8b465ee728b)  -> (artifact id: 'e949565ee8b99ed659c36ec6fa3b07d9') in 0.003290 seconds 
  Import took 0.006925 seconds .

========================================================================
Received Import Request.
  Time since last request: 19.753276 seconds.
  path: Assets/Scenes/Level 8 Lust.unity
  artifactKey: Guid(455a2fea52c14544b9b09f57539f83a6) Importer(815301076,1909f56bfc062723c751e8b465ee728b)
Start importing Assets/Scenes/Level 8 Lust.unity using Guid(455a2fea52c14544b9b09f57539f83a6) Importer(815301076,1909f56bfc062723c751e8b465ee728b)  -> (artifact id: '3cdeb93eaaebb29885191e30e1d81573') in 0.003341 seconds 
  Import took 0.006548 seconds .

========================================================================
Received Import Request.
  Time since last request: 2.078342 seconds.
  path: Assets/Scenes/Level 9 Limbo.unity
  artifactKey: Guid(9023310e35455a64ba4076d22f1100c0) Importer(815301076,1909f56bfc062723c751e8b465ee728b)
Start importing Assets/Scenes/Level 9 Limbo.unity using Guid(9023310e35455a64ba4076d22f1100c0) Importer(815301076,1909f56bfc062723c751e8b465ee728b)  -> (artifact id: 'ee117556f614e8a061df8f569f6cfae6') in 0.003191 seconds 
  Import took 0.006853 seconds .

========================================================================
Received Prepare
Registering precompiled user dll's ...
Registered in 0.008378 seconds.
Begin MonoManager ReloadAssembly
Native extension for WindowsStandalone target not found
Refreshing native plugins compatible for Editor in 0.49 ms, found 3 plugins.
Preloading 0 native plugins for Editor in 0.00 ms.
Mono: successfully reloaded assembly
- Completed reload, in  1.075 seconds
Domain Reload Profiling:
	ReloadAssembly (1076ms)
		BeginReloadAssembly (152ms)
			ExecutionOrderSort (0ms)
			DisableScriptedObjects (5ms)
			BackupInstance (0ms)
			ReleaseScriptingObjects (0ms)
			CreateAndSetChildDomain (34ms)
		EndReloadAssembly (854ms)
			LoadAssemblies (138ms)
			RebuildTransferFunctionScriptingTraits (0ms)
			SetupTypeCache (321ms)
			ReleaseScriptCaches (1ms)
			RebuildScriptCaches (38ms)
			SetupLoadedEditorAssemblies (298ms)
				LogAssemblyErrors (0ms)
				InitializePlatformSupportModulesInManaged (5ms)
				SetLoadedEditorAssemblies (1ms)
				RefreshPlugins (1ms)
				BeforeProcessingInitializeOnLoad (86ms)
				ProcessInitializeOnLoadAttributes (180ms)
				ProcessInitializeOnLoadMethodAttributes (9ms)
				AfterProcessingInitializeOnLoad (17ms)
				EditorAssembliesLoaded (0ms)
			ExecutionOrderSort2 (0ms)
			AwakeInstancesAfterBackupRestoration (8ms)
Platform modules already initialized, skipping
Refreshing native plugins compatible for Editor in 0.49 ms, found 3 plugins.
Preloading 0 native plugins for Editor in 0.00 ms.
Unloading 2433 Unused Serialized files (Serialized files now loaded: 0)
System memory in use before: 110.2 MB.
System memory in use after: 110.4 MB.

Unloading 18 unused Assets to reduce memory usage. Loaded Objects now: 2917.
Total: 2.697400 ms (FindLiveObjects: 0.189800 ms CreateObjectMapping: 0.096200 ms MarkObjects: 2.386500 ms  DeleteObjects: 0.023800 ms)

AssetImportParameters requested are different than current active one (requested -> active):
  custom:framework-win-MediaFoundation: 216162199b28c13a410421893ffa2e32 -> 
  custom:video-decoder-ogg-theora: a1e56fd34408186e4bbccfd4996cb3dc -> 
  custom:container-muxer-webm: aa71ff27fc2769a1b78a27578f13a17b -> 
  custom:container-demuxer-webm: 4f35f7cbe854078d1ac9338744f61a02 -> 
  custom:container-demuxer-ogg: 62fdf1f143b41e24485cea50d1cbac27 -> 
  custom:video-encoder-webm-vp8: eb34c28f22e8b96e1ab97ce403110664 -> 
  custom:video-decoder-webm-vp8: 9c59270c3fd7afecdb556c50c9e8de78 -> 
  custom:audio-decoder-ogg-vorbis: bf7c407c2cedff20999df2af8eb42d56 -> 
  custom:audio-encoder-webm-vorbis: bf7c407c2cedff20999df2af8eb42d56 -> 
========================================================================
Received Import Request.
  Time since last request: 715.412236 seconds.
  path: Assets/Scenes/Level 2 Fraud.unity
  artifactKey: Guid(d80470c8a9316864bbb9a59ce556232a) Importer(815301076,1909f56bfc062723c751e8b465ee728b)
Start importing Assets/Scenes/Level 2 Fraud.unity using Guid(d80470c8a9316864bbb9a59ce556232a) Importer(815301076,1909f56bfc062723c751e8b465ee728b)  -> (artifact id: '1726d2d93cbf31d3c25bc44537aa2f9a') in 0.015754 seconds 
  Import took 0.020008 seconds .

========================================================================
Received Import Request.
  Time since last request: 0.550217 seconds.
  path: Assets/Scenes/Level 3 Violence.unity
  artifactKey: Guid(da7069ec067cd974a9a052a6b12e437c) Importer(815301076,1909f56bfc062723c751e8b465ee728b)
Start importing Assets/Scenes/Level 3 Violence.unity using Guid(da7069ec067cd974a9a052a6b12e437c) Importer(815301076,1909f56bfc062723c751e8b465ee728b)  -> (artifact id: '49d6d2f683824bad15c6936867490370') in 0.003234 seconds 
  Import took 0.006566 seconds .

========================================================================
Received Import Request.
  Time since last request: 50.828449 seconds.
  path: Assets/Scenes/Level 4 Heresy.unity
  artifactKey: Guid(11bb3c070ed466d45882bf1fb2b1c722) Importer(815301076,1909f56bfc062723c751e8b465ee728b)
Start importing Assets/Scenes/Level 4 Heresy.unity using Guid(11bb3c070ed466d45882bf1fb2b1c722) Importer(815301076,1909f56bfc062723c751e8b465ee728b)  -> (artifact id: 'd5bcbe4c4487416687c2b3bf9dbd2d4d') in 0.003492 seconds 
  Import took 0.006896 seconds .

========================================================================
Received Import Request.
  Time since last request: 3.977147 seconds.
  path: Assets/Scenes/Level 5 Anger.unity
  artifactKey: Guid(fcef5200552386c4dad555cb5b0d794e) Importer(815301076,1909f56bfc062723c751e8b465ee728b)
Start importing Assets/Scenes/Level 5 Anger.unity using Guid(fcef5200552386c4dad555cb5b0d794e) Importer(815301076,1909f56bfc062723c751e8b465ee728b)  -> (artifact id: '95d5afdcd9424318f1828a2897d49c6c') in 0.003057 seconds 
  Import took 0.007932 seconds .

========================================================================
Received Import Request.
  Time since last request: 1.056167 seconds.
  path: Assets/Scenes/Level 6 Greed.unity
  artifactKey: Guid(f062ffa023bc7ab4fb4205eeb421307e) Importer(815301076,1909f56bfc062723c751e8b465ee728b)
Start importing Assets/Scenes/Level 6 Greed.unity using Guid(f062ffa023bc7ab4fb4205eeb421307e) Importer(815301076,1909f56bfc062723c751e8b465ee728b)  -> (artifact id: '0377d91d7610de344300f369c7c98d5d') in 0.003229 seconds 
  Import took 0.006826 seconds .

========================================================================
Received Prepare
Registering precompiled user dll's ...
Registered in 0.009247 seconds.
Begin MonoManager ReloadAssembly
Native extension for WindowsStandalone target not found
Refreshing native plugins compatible for Editor in 0.75 ms, found 3 plugins.
Preloading 0 native plugins for Editor in 0.00 ms.
Mono: successfully reloaded assembly
- Completed reload, in  1.121 seconds
Domain Reload Profiling:
	ReloadAssembly (1122ms)
		BeginReloadAssembly (158ms)
			ExecutionOrderSort (0ms)
			DisableScriptedObjects (6ms)
			BackupInstance (0ms)
			ReleaseScriptingObjects (0ms)
			CreateAndSetChildDomain (33ms)
		EndReloadAssembly (884ms)
			LoadAssemblies (147ms)
			RebuildTransferFunctionScriptingTraits (0ms)
			SetupTypeCache (315ms)
			ReleaseScriptCaches (1ms)
			RebuildScriptCaches (40ms)
			SetupLoadedEditorAssemblies (324ms)
				LogAssemblyErrors (0ms)
				InitializePlatformSupportModulesInManaged (4ms)
				SetLoadedEditorAssemblies (1ms)
				RefreshPlugins (1ms)
				BeforeProcessingInitializeOnLoad (91ms)
				ProcessInitializeOnLoadAttributes (198ms)
				ProcessInitializeOnLoadMethodAttributes (11ms)
				AfterProcessingInitializeOnLoad (18ms)
				EditorAssembliesLoaded (0ms)
			ExecutionOrderSort2 (0ms)
			AwakeInstancesAfterBackupRestoration (10ms)
Platform modules already initialized, skipping
Refreshing native plugins compatible for Editor in 0.48 ms, found 3 plugins.
Preloading 0 native plugins for Editor in 0.00 ms.
Unloading 2433 Unused Serialized files (Serialized files now loaded: 0)
System memory in use before: 110.2 MB.
System memory in use after: 110.5 MB.

Unloading 18 unused Assets to reduce memory usage. Loaded Objects now: 2919.
Total: 2.736500 ms (FindLiveObjects: 0.193300 ms CreateObjectMapping: 0.100600 ms MarkObjects: 2.427000 ms  DeleteObjects: 0.014600 ms)

AssetImportParameters requested are different than current active one (requested -> active):
  custom:framework-win-MediaFoundation: 216162199b28c13a410421893ffa2e32 -> 
  custom:video-decoder-ogg-theora: a1e56fd34408186e4bbccfd4996cb3dc -> 
  custom:container-muxer-webm: aa71ff27fc2769a1b78a27578f13a17b -> 
  custom:container-demuxer-webm: 4f35f7cbe854078d1ac9338744f61a02 -> 
  custom:container-demuxer-ogg: 62fdf1f143b41e24485cea50d1cbac27 -> 
  custom:video-encoder-webm-vp8: eb34c28f22e8b96e1ab97ce403110664 -> 
  custom:video-decoder-webm-vp8: 9c59270c3fd7afecdb556c50c9e8de78 -> 
  custom:audio-decoder-ogg-vorbis: bf7c407c2cedff20999df2af8eb42d56 -> 
  custom:audio-encoder-webm-vorbis: bf7c407c2cedff20999df2af8eb42d56 -> 
========================================================================
Received Prepare
Registering precompiled user dll's ...
Registered in 0.008748 seconds.
Begin MonoManager ReloadAssembly
Native extension for WindowsStandalone target not found
Refreshing native plugins compatible for Editor in 0.60 ms, found 3 plugins.
Preloading 0 native plugins for Editor in 0.00 ms.
Mono: successfully reloaded assembly
- Completed reload, in  1.100 seconds
Domain Reload Profiling:
	ReloadAssembly (1101ms)
		BeginReloadAssembly (147ms)
			ExecutionOrderSort (0ms)
			DisableScriptedObjects (5ms)
			BackupInstance (0ms)
			ReleaseScriptingObjects (0ms)
			CreateAndSetChildDomain (29ms)
		EndReloadAssembly (885ms)
			LoadAssemblies (137ms)
			RebuildTransferFunctionScriptingTraits (0ms)
			SetupTypeCache (319ms)
			ReleaseScriptCaches (1ms)
			RebuildScriptCaches (39ms)
			SetupLoadedEditorAssemblies (327ms)
				LogAssemblyErrors (0ms)
				InitializePlatformSupportModulesInManaged (4ms)
				SetLoadedEditorAssemblies (0ms)
				RefreshPlugins (1ms)
				BeforeProcessingInitializeOnLoad (96ms)
				ProcessInitializeOnLoadAttributes (197ms)
				ProcessInitializeOnLoadMethodAttributes (11ms)
				AfterProcessingInitializeOnLoad (18ms)
				EditorAssembliesLoaded (0ms)
			ExecutionOrderSort2 (0ms)
			AwakeInstancesAfterBackupRestoration (9ms)
Platform modules already initialized, skipping
Refreshing native plugins compatible for Editor in 0.50 ms, found 3 plugins.
Preloading 0 native plugins for Editor in 0.00 ms.
Unloading 2433 Unused Serialized files (Serialized files now loaded: 0)
System memory in use before: 110.3 MB.
System memory in use after: 110.5 MB.

Unloading 18 unused Assets to reduce memory usage. Loaded Objects now: 2921.
Total: 2.945400 ms (FindLiveObjects: 0.196000 ms CreateObjectMapping: 0.126500 ms MarkObjects: 2.601900 ms  DeleteObjects: 0.019100 ms)

AssetImportParameters requested are different than current active one (requested -> active):
  custom:framework-win-MediaFoundation: 216162199b28c13a410421893ffa2e32 -> 
  custom:video-decoder-ogg-theora: a1e56fd34408186e4bbccfd4996cb3dc -> 
  custom:container-muxer-webm: aa71ff27fc2769a1b78a27578f13a17b -> 
  custom:container-demuxer-webm: 4f35f7cbe854078d1ac9338744f61a02 -> 
  custom:container-demuxer-ogg: 62fdf1f143b41e24485cea50d1cbac27 -> 
  custom:video-encoder-webm-vp8: eb34c28f22e8b96e1ab97ce403110664 -> 
  custom:video-decoder-webm-vp8: 9c59270c3fd7afecdb556c50c9e8de78 -> 
  custom:audio-decoder-ogg-vorbis: bf7c407c2cedff20999df2af8eb42d56 -> 
  custom:audio-encoder-webm-vorbis: bf7c407c2cedff20999df2af8eb42d56 -> 
AssetImportWorkerClient::OnTransportError - code=2 error=End of file
